2019-12-02 21:17:18,368  INFO [main] LoginPageTest:37 - Browser is launching...
2019-12-02 21:17:25,779  INFO [main] LoginPageTest:41 - Set up is configured...
2019-12-02 21:17:26,556  INFO [main] LoginPageTest:65 - Login testlogs: correct user and correect pass
2020-02-03 15:11:06,849  INFO [main] LoginPageTest:37 - Browser is launching...
2020-02-03 15:13:51,403  INFO [main] LoginPageTest:37 - Browser is launching...
2020-02-03 15:15:45,854  INFO [main] LoginPageTest:37 - Browser is launching...
2020-02-03 15:15:46,535 DEBUG [main] RequestAddCookies:123 - CookieSpec selected: standard
2020-02-03 15:15:46,545 DEBUG [main] RequestAuthCache:77 - Auth cache not set in the context
2020-02-03 15:15:46,547 DEBUG [main] PoolingHttpClientConnectionManager:265 - Connection request: [route: {s}->https://raw.githubusercontent.com:443][total kept alive: 0; route allocated: 0 of 2; total allocated: 0 of 20]
2020-02-03 15:15:46,568 DEBUG [main] PoolingHttpClientConnectionManager:309 - Connection leased: [id: 0][route: {s}->https://raw.githubusercontent.com:443][total kept alive: 0; route allocated: 1 of 2; total allocated: 1 of 20]
2020-02-03 15:15:46,570 DEBUG [main] MainClientExec:235 - Opening connection {s}->https://raw.githubusercontent.com:443
2020-02-03 15:15:46,613 DEBUG [main] DefaultHttpClientConnectionOperator:139 - Connecting to raw.githubusercontent.com/151.101.200.133:443
2020-02-03 15:15:46,613 DEBUG [main] SSLConnectionSocketFactory:337 - Connecting socket to raw.githubusercontent.com/151.101.200.133:443 with timeout 0
2020-02-03 15:15:46,687 DEBUG [main] SSLConnectionSocketFactory:390 - Enabled protocols: [TLSv1, TLSv1.1, TLSv1.2]
2020-02-03 15:15:46,688 DEBUG [main] SSLConnectionSocketFactory:391 - Enabled cipher suites:[TLS_ECDHE_ECDSA_WITH_AES_256_CBC_SHA384, TLS_ECDHE_RSA_WITH_AES_256_CBC_SHA384, TLS_RSA_WITH_AES_256_CBC_SHA256, TLS_ECDH_ECDSA_WITH_AES_256_CBC_SHA384, TLS_ECDH_RSA_WITH_AES_256_CBC_SHA384, TLS_DHE_RSA_WITH_AES_256_CBC_SHA256, TLS_DHE_DSS_WITH_AES_256_CBC_SHA256, TLS_ECDHE_ECDSA_WITH_AES_256_CBC_SHA, TLS_ECDHE_RSA_WITH_AES_256_CBC_SHA, TLS_RSA_WITH_AES_256_CBC_SHA, TLS_ECDH_ECDSA_WITH_AES_256_CBC_SHA, TLS_ECDH_RSA_WITH_AES_256_CBC_SHA, TLS_DHE_RSA_WITH_AES_256_CBC_SHA, TLS_DHE_DSS_WITH_AES_256_CBC_SHA, TLS_ECDHE_ECDSA_WITH_AES_128_CBC_SHA256, TLS_ECDHE_RSA_WITH_AES_128_CBC_SHA256, TLS_RSA_WITH_AES_128_CBC_SHA256, TLS_ECDH_ECDSA_WITH_AES_128_CBC_SHA256, TLS_ECDH_RSA_WITH_AES_128_CBC_SHA256, TLS_DHE_RSA_WITH_AES_128_CBC_SHA256, TLS_DHE_DSS_WITH_AES_128_CBC_SHA256, TLS_ECDHE_ECDSA_WITH_AES_128_CBC_SHA, TLS_ECDHE_RSA_WITH_AES_128_CBC_SHA, TLS_RSA_WITH_AES_128_CBC_SHA, TLS_ECDH_ECDSA_WITH_AES_128_CBC_SHA, TLS_ECDH_RSA_WITH_AES_128_CBC_SHA, TLS_DHE_RSA_WITH_AES_128_CBC_SHA, TLS_DHE_DSS_WITH_AES_128_CBC_SHA, TLS_ECDHE_ECDSA_WITH_AES_256_GCM_SHA384, TLS_ECDHE_ECDSA_WITH_AES_128_GCM_SHA256, TLS_ECDHE_RSA_WITH_AES_256_GCM_SHA384, TLS_RSA_WITH_AES_256_GCM_SHA384, TLS_ECDH_ECDSA_WITH_AES_256_GCM_SHA384, TLS_ECDH_RSA_WITH_AES_256_GCM_SHA384, TLS_DHE_RSA_WITH_AES_256_GCM_SHA384, TLS_DHE_DSS_WITH_AES_256_GCM_SHA384, TLS_ECDHE_RSA_WITH_AES_128_GCM_SHA256, TLS_RSA_WITH_AES_128_GCM_SHA256, TLS_ECDH_ECDSA_WITH_AES_128_GCM_SHA256, TLS_ECDH_RSA_WITH_AES_128_GCM_SHA256, TLS_DHE_RSA_WITH_AES_128_GCM_SHA256, TLS_DHE_DSS_WITH_AES_128_GCM_SHA256, TLS_EMPTY_RENEGOTIATION_INFO_SCSV]
2020-02-03 15:15:46,688 DEBUG [main] SSLConnectionSocketFactory:395 - Starting handshake
2020-02-03 15:15:46,789 DEBUG [main] SSLConnectionSocketFactory:425 - Secure session established
2020-02-03 15:15:46,789 DEBUG [main] SSLConnectionSocketFactory:426 -  negotiated protocol: TLSv1.2
2020-02-03 15:15:46,789 DEBUG [main] SSLConnectionSocketFactory:427 -  negotiated cipher suite: TLS_ECDHE_RSA_WITH_AES_128_GCM_SHA256
2020-02-03 15:15:46,790 DEBUG [main] SSLConnectionSocketFactory:435 -  peer principal: CN=www.github.com, O="GitHub, Inc.", L=San Francisco, ST=California, C=US
2020-02-03 15:15:46,790 DEBUG [main] SSLConnectionSocketFactory:444 -  peer alternative names: [www.github.com, *.github.com, github.com, *.github.io, github.io, *.githubusercontent.com, githubusercontent.com]
2020-02-03 15:15:46,791 DEBUG [main] SSLConnectionSocketFactory:448 -  issuer principal: CN=DigiCert SHA2 High Assurance Server CA, OU=www.digicert.com, O=DigiCert Inc, C=US
2020-02-03 15:15:46,792 DEBUG [main] DefaultHttpClientConnectionOperator:146 - Connection established 192.168.1.13:56616<->151.101.200.133:443
2020-02-03 15:15:46,793 DEBUG [main] DefaultManagedHttpClientConnection:88 - http-outgoing-0: set socket timeout to 30000
2020-02-03 15:15:46,793 DEBUG [main] MainClientExec:256 - Executing request GET /bonigarcia/webdrivermanager/master/src/main/resources/versions.properties HTTP/1.1
2020-02-03 15:15:46,794 DEBUG [main] MainClientExec:261 - Target auth state: UNCHALLENGED
2020-02-03 15:15:46,795 DEBUG [main] MainClientExec:267 - Proxy auth state: UNCHALLENGED
2020-02-03 15:15:46,796 DEBUG [main] headers:133 - http-outgoing-0 >> GET /bonigarcia/webdrivermanager/master/src/main/resources/versions.properties HTTP/1.1
2020-02-03 15:15:46,796 DEBUG [main] headers:136 - http-outgoing-0 >> User-Agent: Apache-HttpClient/4.5.6
2020-02-03 15:15:46,797 DEBUG [main] headers:136 - http-outgoing-0 >> Connection: keep-alive
2020-02-03 15:15:46,797 DEBUG [main] headers:136 - http-outgoing-0 >> Host: raw.githubusercontent.com
2020-02-03 15:15:46,797 DEBUG [main] headers:136 - http-outgoing-0 >> Accept-Encoding: gzip,deflate
2020-02-03 15:15:46,797 DEBUG [main] wire:73 - http-outgoing-0 >> "GET /bonigarcia/webdrivermanager/master/src/main/resources/versions.properties HTTP/1.1[\r][\n]"
2020-02-03 15:15:46,797 DEBUG [main] wire:73 - http-outgoing-0 >> "User-Agent: Apache-HttpClient/4.5.6[\r][\n]"
2020-02-03 15:15:46,797 DEBUG [main] wire:73 - http-outgoing-0 >> "Connection: keep-alive[\r][\n]"
2020-02-03 15:15:46,797 DEBUG [main] wire:73 - http-outgoing-0 >> "Host: raw.githubusercontent.com[\r][\n]"
2020-02-03 15:15:46,798 DEBUG [main] wire:73 - http-outgoing-0 >> "Accept-Encoding: gzip,deflate[\r][\n]"
2020-02-03 15:15:46,798 DEBUG [main] wire:73 - http-outgoing-0 >> "[\r][\n]"
2020-02-03 15:15:46,828 DEBUG [main] wire:73 - http-outgoing-0 << "HTTP/1.1 200 OK[\r][\n]"
2020-02-03 15:15:46,829 DEBUG [main] wire:73 - http-outgoing-0 << "Content-Security-Policy: default-src 'none'; style-src 'unsafe-inline'; sandbox[\r][\n]"
2020-02-03 15:15:46,829 DEBUG [main] wire:73 - http-outgoing-0 << "Strict-Transport-Security: max-age=31536000[\r][\n]"
2020-02-03 15:15:46,829 DEBUG [main] wire:73 - http-outgoing-0 << "X-Content-Type-Options: nosniff[\r][\n]"
2020-02-03 15:15:46,829 DEBUG [main] wire:73 - http-outgoing-0 << "X-Frame-Options: deny[\r][\n]"
2020-02-03 15:15:46,829 DEBUG [main] wire:73 - http-outgoing-0 << "X-XSS-Protection: 1; mode=block[\r][\n]"
2020-02-03 15:15:46,829 DEBUG [main] wire:73 - http-outgoing-0 << "ETag: W/"164743d6466dd3c329e7907ed7419a135cd9f4e69fa3815452c06189f1ddbfd8"[\r][\n]"
2020-02-03 15:15:46,829 DEBUG [main] wire:73 - http-outgoing-0 << "Content-Type: text/plain; charset=utf-8[\r][\n]"
2020-02-03 15:15:46,830 DEBUG [main] wire:73 - http-outgoing-0 << "Cache-Control: max-age=300[\r][\n]"
2020-02-03 15:15:46,830 DEBUG [main] wire:73 - http-outgoing-0 << "X-Geo-Block-List:[\r][\n]"
2020-02-03 15:15:46,830 DEBUG [main] wire:73 - http-outgoing-0 << "Via: 1.1 varnish (Varnish/6.0)[\r][\n]"
2020-02-03 15:15:46,830 DEBUG [main] wire:73 - http-outgoing-0 << "X-GitHub-Request-Id: 8700:1C57:55522:6FFE1:5E387043[\r][\n]"
2020-02-03 15:15:46,830 DEBUG [main] wire:73 - http-outgoing-0 << "Content-Encoding: gzip[\r][\n]"
2020-02-03 15:15:46,830 DEBUG [main] wire:73 - http-outgoing-0 << "Content-Length: 686[\r][\n]"
2020-02-03 15:15:46,830 DEBUG [main] wire:73 - http-outgoing-0 << "Accept-Ranges: bytes[\r][\n]"
2020-02-03 15:15:46,831 DEBUG [main] wire:73 - http-outgoing-0 << "Date: Mon, 03 Feb 2020 20:15:46 GMT[\r][\n]"
2020-02-03 15:15:46,831 DEBUG [main] wire:73 - http-outgoing-0 << "Via: 1.1 varnish[\r][\n]"
2020-02-03 15:15:46,831 DEBUG [main] wire:73 - http-outgoing-0 << "Connection: keep-alive[\r][\n]"
2020-02-03 15:15:46,831 DEBUG [main] wire:73 - http-outgoing-0 << "X-Served-By: cache-dca17775-DCA[\r][\n]"
2020-02-03 15:15:46,831 DEBUG [main] wire:73 - http-outgoing-0 << "X-Cache: HIT[\r][\n]"
2020-02-03 15:15:46,831 DEBUG [main] wire:73 - http-outgoing-0 << "X-Cache-Hits: 1[\r][\n]"
2020-02-03 15:15:46,831 DEBUG [main] wire:73 - http-outgoing-0 << "X-Timer: S1580760947.842592,VS0,VE0[\r][\n]"
2020-02-03 15:15:46,832 DEBUG [main] wire:73 - http-outgoing-0 << "Vary: Authorization,Accept-Encoding[\r][\n]"
2020-02-03 15:15:46,832 DEBUG [main] wire:73 - http-outgoing-0 << "Access-Control-Allow-Origin: *[\r][\n]"
2020-02-03 15:15:46,832 DEBUG [main] wire:73 - http-outgoing-0 << "X-Fastly-Request-ID: 0b7546ab464496d6167edd866a43b77c3183b0a7[\r][\n]"
2020-02-03 15:15:46,832 DEBUG [main] wire:73 - http-outgoing-0 << "Expires: Mon, 03 Feb 2020 20:20:46 GMT[\r][\n]"
2020-02-03 15:15:46,832 DEBUG [main] wire:73 - http-outgoing-0 << "Source-Age: 209[\r][\n]"
2020-02-03 15:15:46,832 DEBUG [main] wire:73 - http-outgoing-0 << "[\r][\n]"
2020-02-03 15:15:46,833 DEBUG [main] wire:73 - http-outgoing-0 << "[0x1f][0x8b][0x8][0x0][0x0][0x0][0x0][0x0][0x0][0x3][0x8d][0x95][0xcb][0xae][0xdb] [0x10]@[0xf7][0xf9][\n]"
2020-02-03 15:15:46,833 DEBUG [main] wire:87 - http-outgoing-0 << "[0xa4][0xbb]i[0x17][0xc1][0xbc][0xc]v$6}[0xae][0xaa].[0xda][0x1f]p[0x12][0x92]X[0xd7]1[0x11]vn[0xda]~}[0x19][0x1e].[0xd7]j[0xa5].[0xcf]1[0xc]#[0x86][0x19]?[0xa1][0xef][0x97]~B[0xa7]~0[0xe8]`[0xc7][0xb9][0xeb][0xc7][0x9][0xcd][0x17][0x83][0x9e]G[0xfb][0x18][0xd1][0x8b]qSo[0xbd]:Y[0x87][0x8e][0xae][0x7]Fo[0xf6][0xfd][0xd8][0xb9][0x9f]o[0xfd][0x86][0xeb][0xad][0x9b][0xfb][0xbd][0xdf][0xfb][0xe8][0xe7]K[0xd8]w[0xb0][0xce][0x99][0xe9]f[0xc7]c?[0x9e][0xd1][0xde][0xd9][0xc7]d\[0x8e][0xb3][0xd9]<[0xa1]wQ[0xed][0xd0]gk[0xcf]~[0xe7][0xfb][0x8b][0xb3]W[0x83][0xb6][0xe8]C[0x8][0xbf]C[0x87] [0xe2]a~[0xfd]7{w[0x7][0xb3]C[0x97]y[0xbe][0xed][0xaa][0xaa][0xfc][0x8a][0x3][0xf4][0xf7]+[0xb6][0xee]\[0x1d]}[0xc2][0x83][0xed][0x8e][0xd3]&[0xae]i[0x88]n[0x8]&[0x98][0xb7][0x8d][0xc2]T&[0xab]Z[0xad][0xda]`E[0x8d][0xf9]b[0x1b][0xad][0x9a]`[0x89][0xc0][0x94][0xd4]Y+[0xad][0x14][0xe8]F[0xd6]X[0x90]l[0xa5]V2X[0xd2]b[0xca][0x96][0x18][0xb5]V5h[0xa5][0x8][0xa6]V[0xb][0xad]D[0xd0][0xac][0xc5][0xcb]Z[0xae][0x15][0x7])[0x1b][0x8e]e[0x93]-[0xd3][0xc][0x8b]e[\r]}E[0x4]('&[ [0x91][0xa9][0x1]b[0x99][0x14][0x10][0xcd]$[0x81]r2[0xb2][0xf6][0xc4][0xf3]yR[0x0][0xa9]L[0x1c]([0x9f]'![0x17][0xbe][0x9c][0x7][0xb9][0xf0][0xe5]<[0xc8][0x85][0xf3]W[0xd5][0xfc]b[0xf5][0xc3][0xd0][0xa1]O[0xbd]3'[0xfb][0xa3][0xa8][0xe7][0xd9][0x1c][0x9e][0xed]_[0xcb]9[0xf9]z[0x9e][0xfd][0xc3][0xb9][0xef][0xb1]J[0xd5]5[0x86][0xa8][0x8a][\r][0x95]3[0x83][0xe9]&3mN1[0xae][0xbf]"[0x82][0x99][0xbf][0xfd]E[0xd0][0xb5] +[0xe1][0xef]j%[0x1a][0x10]u![0x14][0x8]Q[0x8][0xb9][0x16][0xf5]Z[0x8][0x10][0xbc][0x10]|-B[0xa6][0xac][0x10]!SZ[0x8][0xb2][0x12]u[0xbb][0x16][0xcd]Z[0xa8][0xb5][0x8][0x99][0x92]B[0xd4]Y[0x94][0xd5][0xf9]z3[0xae]+jb[0x81][0xff][0xa7]&a[0xe1]dO[0xf3][0xa3]s&Rn[0xba]u[0x85][0xc2]Gs[0xda]K[0xb5]I[0xd6]Ew5*IQ[0xf4][0x16]e$Y^[0xf6][0x16]g[0xc9][0xb2][0xb2][0xb5]H^[0x9b]Z"@[0xdd][0x96][0x90][0x1a]"B[0xea][0x87][0x8][0xa9][0x1d]"[0xa4]n[0x88][0x90][0x9a]!B[0xea][0x85][0x8][0xa9][0x15]"[0xd0][0xf8][0xf6]#[0x90][0x2][0x4]d[0x90]3[0x16][0x90][0x1]O[0xe7][0x8][0xc8][0x80][0xa5][0xcb][0x10]2[0xc2][0xab][0xe6][0xe9][0xf][0xce][0xc2]-[0xa3][0x8f][0xc7]s9[0xb][0xaf][0x93][0xf1][0xe2][0x9f][0x85]:[0x9a][0x17]3@T|[0xcd][0x11]B[0xd5][0xcc][0xb8][0xbd]O[0xd5][0xe2][0xb6][0x10][0xa4][0x9a][0xad][0x1d][0xa6][0xea]a[0xf6][0xa9]p[0x1b][0xb0][0xcb][0x90][0x94][0x14]n[0xf][0xd4]2!)[0xbc][0xe6]`[0xd2]tdP[0xb0]h[0xd2]`d|1i([0xd2]f[0xd9][0x95][0xe6]![0xe5][0xad][0x90]A[0x9][0xa1]o[0xce]l[0xfd]?f[0xee][0x86][0xc1][0x1c][0xa3]dZb[0xaa][0xa8][0x1f]/[0x1][0xa9][0xf6][0xef]A[0xb2][0xb6][0x8d]H[0xb4][0x9f][0xc8]5[0x91]< o4[0xf7][0xc3][0x95][0xb7][0x11][0x19]T[0xd0][0xcf][0xeb]FF$[0x9a]zd[0xbe][0xc0][0xbf][0x1][0xce]C[0xf2]a[0xd9][0x6][0x0][0x0]"
2020-02-03 15:15:46,836 DEBUG [main] headers:122 - http-outgoing-0 << HTTP/1.1 200 OK
2020-02-03 15:15:46,836 DEBUG [main] headers:125 - http-outgoing-0 << Content-Security-Policy: default-src 'none'; style-src 'unsafe-inline'; sandbox
2020-02-03 15:15:46,836 DEBUG [main] headers:125 - http-outgoing-0 << Strict-Transport-Security: max-age=31536000
2020-02-03 15:15:46,836 DEBUG [main] headers:125 - http-outgoing-0 << X-Content-Type-Options: nosniff
2020-02-03 15:15:46,837 DEBUG [main] headers:125 - http-outgoing-0 << X-Frame-Options: deny
2020-02-03 15:15:46,837 DEBUG [main] headers:125 - http-outgoing-0 << X-XSS-Protection: 1; mode=block
2020-02-03 15:15:46,837 DEBUG [main] headers:125 - http-outgoing-0 << ETag: W/"164743d6466dd3c329e7907ed7419a135cd9f4e69fa3815452c06189f1ddbfd8"
2020-02-03 15:15:46,837 DEBUG [main] headers:125 - http-outgoing-0 << Content-Type: text/plain; charset=utf-8
2020-02-03 15:15:46,837 DEBUG [main] headers:125 - http-outgoing-0 << Cache-Control: max-age=300
2020-02-03 15:15:46,837 DEBUG [main] headers:125 - http-outgoing-0 << X-Geo-Block-List:
2020-02-03 15:15:46,837 DEBUG [main] headers:125 - http-outgoing-0 << Via: 1.1 varnish (Varnish/6.0)
2020-02-03 15:15:46,837 DEBUG [main] headers:125 - http-outgoing-0 << X-GitHub-Request-Id: 8700:1C57:55522:6FFE1:5E387043
2020-02-03 15:15:46,837 DEBUG [main] headers:125 - http-outgoing-0 << Content-Encoding: gzip
2020-02-03 15:15:46,838 DEBUG [main] headers:125 - http-outgoing-0 << Content-Length: 686
2020-02-03 15:15:46,838 DEBUG [main] headers:125 - http-outgoing-0 << Accept-Ranges: bytes
2020-02-03 15:15:46,838 DEBUG [main] headers:125 - http-outgoing-0 << Date: Mon, 03 Feb 2020 20:15:46 GMT
2020-02-03 15:15:46,838 DEBUG [main] headers:125 - http-outgoing-0 << Via: 1.1 varnish
2020-02-03 15:15:46,838 DEBUG [main] headers:125 - http-outgoing-0 << Connection: keep-alive
2020-02-03 15:15:46,838 DEBUG [main] headers:125 - http-outgoing-0 << X-Served-By: cache-dca17775-DCA
2020-02-03 15:15:46,838 DEBUG [main] headers:125 - http-outgoing-0 << X-Cache: HIT
2020-02-03 15:15:46,838 DEBUG [main] headers:125 - http-outgoing-0 << X-Cache-Hits: 1
2020-02-03 15:15:46,838 DEBUG [main] headers:125 - http-outgoing-0 << X-Timer: S1580760947.842592,VS0,VE0
2020-02-03 15:15:46,839 DEBUG [main] headers:125 - http-outgoing-0 << Vary: Authorization,Accept-Encoding
2020-02-03 15:15:46,839 DEBUG [main] headers:125 - http-outgoing-0 << Access-Control-Allow-Origin: *
2020-02-03 15:15:46,839 DEBUG [main] headers:125 - http-outgoing-0 << X-Fastly-Request-ID: 0b7546ab464496d6167edd866a43b77c3183b0a7
2020-02-03 15:15:46,839 DEBUG [main] headers:125 - http-outgoing-0 << Expires: Mon, 03 Feb 2020 20:20:46 GMT
2020-02-03 15:15:46,839 DEBUG [main] headers:125 - http-outgoing-0 << Source-Age: 209
2020-02-03 15:15:46,844 DEBUG [main] MainClientExec:285 - Connection can be kept alive indefinitely
2020-02-03 15:15:46,850 DEBUG [main] PoolingHttpClientConnectionManager:341 - Connection [id: 0][route: {s}->https://raw.githubusercontent.com:443] can be kept alive indefinitely
2020-02-03 15:15:46,851 DEBUG [main] DefaultManagedHttpClientConnection:88 - http-outgoing-0: set socket timeout to 0
2020-02-03 15:15:46,851 DEBUG [main] PoolingHttpClientConnectionManager:348 - Connection released: [id: 0][route: {s}->https://raw.githubusercontent.com:443][total kept alive: 1; route allocated: 1 of 2; total allocated: 1 of 20]
2020-02-03 15:15:54,320  INFO [main] LoginPageTest:41 - Set up is configured...
2020-02-03 15:15:54,627  INFO [main] LoginPageTest:37 - Browser is launching...
